0 info it worked if it ends with ok
1 verbose cli [ '/usr/bin/node', '/usr/bin/npm', 'i' ]
2 info using npm@3.5.2
3 info using node@v8.10.0
4 silly loadCurrentTree Starting
5 silly install loadCurrentTree
6 silly install readLocalPackageData
7 silly install normalizeTree
8 silly loadCurrentTree Finishing
9 silly loadIdealTree Starting
10 silly install loadIdealTree
11 silly cloneCurrentTree Starting
12 silly install cloneCurrentTreeToIdealTree
13 silly cloneCurrentTree Finishing
14 silly loadShrinkwrap Starting
15 silly install loadShrinkwrap
16 silly loadShrinkwrap Finishing
17 silly loadAllDepsIntoIdealTree Starting
18 silly install loadAllDepsIntoIdealTree
19 silly fetchNamedPackageData mongoose
20 silly mapToRegistry name mongoose
21 silly mapToRegistry using default registry
22 silly mapToRegistry registry https://registry.npmjs.org/
23 silly mapToRegistry uri https://registry.npmjs.org/mongoose
24 verbose request uri https://registry.npmjs.org/mongoose
25 verbose request no auth needed
26 info attempt registry request try #1 at 5:57:04 PM
27 verbose request using bearer token for auth
28 verbose request id e6a5cb18cadb56e5
29 verbose etag W/"8da26a4be9958280ae8668accbdb935d"
30 verbose lastModified Fri, 10 Jan 2020 22:10:05 GMT
31 http request GET https://registry.npmjs.org/mongoose
32 http 304 https://registry.npmjs.org/mongoose
33 verbose headers { date: 'Wed, 15 Jan 2020 12:27:05 GMT',
33 verbose headers   connection: 'keep-alive',
33 verbose headers   'set-cookie':
33 verbose headers    [ '__cfduid=dd3f8bfe904aa17b1fa40afe62357557a1579091225; expires=Fri, 14-Feb-20 12:27:05 GMT; path=/; domain=.npmjs.org; HttpOnly; SameSite=Lax' ],
33 verbose headers   'cf-ray': '5557d77c895a2eeb-DEL',
33 verbose headers   age: '6519',
33 verbose headers   'cache-control': 'public, max-age=300',
33 verbose headers   etag: '"8da26a4be9958280ae8668accbdb935d"',
33 verbose headers   'last-modified': 'Fri, 10 Jan 2020 22:10:05 GMT',
33 verbose headers   vary: 'Accept-Encoding',
33 verbose headers   'cf-cache-status': 'HIT',
33 verbose headers   'expect-ct': 'max-age=604800, report-uri="https://report-uri.cloudflare.com/cdn-cgi/beacon/expect-ct"',
33 verbose headers   server: 'cloudflare' }
34 silly get cb [ 304,
34 silly get   { date: 'Wed, 15 Jan 2020 12:27:05 GMT',
34 silly get     connection: 'keep-alive',
34 silly get     'set-cookie':
34 silly get      [ '__cfduid=dd3f8bfe904aa17b1fa40afe62357557a1579091225; expires=Fri, 14-Feb-20 12:27:05 GMT; path=/; domain=.npmjs.org; HttpOnly; SameSite=Lax' ],
34 silly get     'cf-ray': '5557d77c895a2eeb-DEL',
34 silly get     age: '6519',
34 silly get     'cache-control': 'public, max-age=300',
34 silly get     etag: '"8da26a4be9958280ae8668accbdb935d"',
34 silly get     'last-modified': 'Fri, 10 Jan 2020 22:10:05 GMT',
34 silly get     vary: 'Accept-Encoding',
34 silly get     'cf-cache-status': 'HIT',
34 silly get     'expect-ct': 'max-age=604800, report-uri="https://report-uri.cloudflare.com/cdn-cgi/beacon/expect-ct"',
34 silly get     server: 'cloudflare' } ]
35 verbose etag https://registry.npmjs.org/mongoose from cache
36 verbose get saving mongoose to /home/anish/.npm/registry.npmjs.org/mongoose/.cache.json
37 silly fetchPackageMetaData Error: No compatible version found: mongoose@^5.8.8
37 silly fetchPackageMetaData Valid install targets:
37 silly fetchPackageMetaData 5.8.7, 5.8.6, 5.8.5, 5.8.4, 5.8.3, 5.8.2, 5.8.1, 5.8.0, 5.7.14, 5.7.13, 5.7.12, 5.7.11, 5.7.10, 5.7.9, 5.7.8, 5.7.7, 5.7.6, 5.7.5, 5.7.4, 5.7.3, 5.7.1, 5.7.0, 5.6.13, 5.6.12, 5.6.11, 5.6.10, 5.6.9, 5.6.8, 5.6.7, 5.6.6, 5.6.5, 5.6.4, 5.6.3, 5.6.2, 5.6.1, 5.6.0, 5.5.15, 5.5.14, 5.5.13, 5.5.12, 5.5.11, 5.5.10, 5.5.9, 5.5.8, 5.5.7, 5.5.6, 5.5.5, 5.5.4, 5.5.3, 5.5.2, 5.5.1, 5.5.0, 5.4.23, 5.4.22, 5.4.21, 5.4.20, 5.4.19, 5.4.18, 5.4.17, 5.4.16, 5.4.15, 5.4.14, 5.4.13, 5.4.12, 5.4.11, 5.4.10, 5.4.9, 5.4.8, 5.4.7, 5.4.6, 5.4.5, 5.4.4, 5.4.3, 5.4.2, 5.4.1, 5.4.0, 5.3.16, 5.3.15, 5.3.14, 5.3.13, 5.3.12, 5.3.11, 5.3.10, 5.3.9, 5.3.8, 5.3.7, 5.3.6, 5.3.5, 5.3.4, 5.3.3, 5.3.2, 5.3.1, 5.3.0, 5.2.18, 5.2.17, 5.2.16, 5.2.15, 5.2.14, 5.2.13, 5.2.12, 5.2.11, 5.2.10, 5.2.9, 5.2.8, 5.2.7, 5.2.6, 5.2.5, 5.2.4, 5.2.3, 5.2.2, 5.2.1, 5.2.0, 5.1.8, 5.1.7, 5.1.6, 5.1.5, 5.1.4, 5.1.3, 5.1.2, 5.1.1, 5.1.0, 5.0.18, 5.0.17, 5.0.16, 5.0.15, 5.0.14, 5.0.13, 5.0.12, 5.0.11, 5.0.10, 5.0.9, 5.0.8, 5.0.7, 5.0.6, 5.0.5, 5.0.4, 5.0.3, 5.0.2, 5.0.1, 5.0.0, 5.0.0-rc2, 5.0.0-rc1, 5.0.0-rc0, 4.13.20, 4.13.19, 4.13.18, 4.13.17, 4.13.16, 4.13.15, 4.13.14, 4.13.13, 4.13.12, 4.13.11, 4.13.10, 4.13.9, 4.13.8, 4.13.7, 4.13.6, 4.13.5, 4.13.4, 4.13.3, 4.13.2, 4.13.1, 4.13.0, 4.12.6, 4.12.5, 4.12.4, 4.12.3, 4.12.2, 4.12.1, 4.12.0, 4.11.14, 4.11.13, 4.11.12, 4.11.11, 4.11.10, 4.11.9, 4.11.8, 4.11.7, 4.11.6, 4.11.5, 4.11.4, 4.11.3, 4.11.2, 4.11.1, 4.11.0, 4.10.8, 4.10.7, 4.10.6, 4.10.5, 4.10.4, 4.10.3, 4.10.2, 4.10.1, 4.10.0, 4.9.10, 4.9.9, 4.9.8, 4.9.7, 4.9.6, 4.9.5, 4.9.4, 4.9.3, 4.9.2, 4.9.1, 4.9.0, 4.8.7, 4.8.6, 4.8.5, 4.8.4, 4.8.3, 4.8.2, 4.8.1, 4.8.0, 4.7.9, 4.7.8, 4.7.7, 4.7.6, 4.7.5, 4.7.5-pre, 4.7.4, 4.7.3, 4.7.2, 4.7.1, 4.7.0, 4.6.8, 4.6.7, 4.6.6, 4.6.5, 4.6.4, 4.6.3, 4.6.2, 4.6.1, 4.6.0, 4.5.10, 4.5.9, 4.5.8, 4.5.7, 4.5.6, 4.5.5, 4.5.4, 4.5.3, 4.5.2, 4.5.1, 4.5.0, 4.4.20, 4.4.19, 4.4.18, 4.4.17, 4.4.16, 4.4.15, 4.4.14, 4.4.13, 4.4.12, 4.4.11, 4.4.10, 4.4.9, 4.4.8, 4.4.7, 4.4.6, 4.4.5, 4.4.4, 4.4.3, 4.4.2, 4.4.1, 4.4.0, 4.3.7, 4.3.6, 4.3.5, 4.3.4, 4.3.3, 4.3.2, 4.3.1, 4.3.0, 4.2.10, 4.2.9, 4.2.8, 4.2.7, 4.2.6, 4.2.5, 4.2.4, 4.2.3, 4.2.2, 4.2.1, 4.2.0, 4.1.12, 4.1.11, 4.1.10, 4.1.9, 4.1.8, 4.1.7, 4.1.6, 4.1.5, 4.1.3, 4.1.2, 4.1.1, 4.1.0, 4.0.8, 4.0.7, 4.0.6, 4.0.5, 4.0.4, 4.0.3, 4.0.2, 4.0.1, 4.0.0, 4.0.0-rc4, 4.0.0-rc3, 4.0.0-rc2, 4.0.0-rc1, 4.0.0-rc0, 3.9.7, 3.9.6, 3.9.5, 3.9.4, 3.9.3, 3.9.2, 3.9.1, 3.9.0, 3.8.40, 3.8.39, 3.8.38, 3.8.37, 3.8.36, 3.8.35, 3.8.34, 3.8.33, 3.8.31, 3.8.30, 3.8.29, 3.8.28, 3.8.27, 3.8.26, 3.8.25, 3.8.24, 3.8.23, 3.8.22, 3.8.21, 3.8.20, 3.8.19, 3.8.18, 3.8.17, 3.8.16, 3.8.15, 3.8.14, 3.8.13, 3.8.12, 3.8.11, 3.8.10, 3.8.9, 3.8.8, 3.8.7, 3.8.6, 3.8.5, 3.8.4, 3.8.3, 3.8.2, 3.8.1, 3.8.0, 3.7.4, 3.7.3, 3.7.2, 3.7.0, 3.6.20, 3.6.19, 3.6.18, 3.6.17, 3.6.16, 3.6.15, 3.6.14, 3.6.13, 3.6.12, 3.6.11, 3.6.10, 3.6.9, 3.6.8, 3.6.7, 3.6.6, 3.6.5, 3.6.4, 3.6.3, 3.6.2, 3.6.0-rc1, 3.6.0-rc0, 3.5.16, 3.5.15, 3.5.14, 3.5.13, 3.5.12, 3.5.11, 3.5.10, 3.5.9, 3.5.8, 3.5.7, 3.5.6, 3.5.5, 3.5.4, 3.5.3, 3.5.2, 3.5.1, 3.5.0, 3.4.0, 3.3.1, 3.3.0, 3.2.2, 3.2.1, 3.2.0, 3.1.1, 3.1.0, 3.0.3, 3.0.2, 3.0.1, 3.0.0, 3.0.0-rc0, 3.0.0-alpha2, 3.0.0-alpha1, 2.9.10, 2.9.9, 2.9.8, 2.9.7, 2.9.6, 2.9.5, 2.9.4, 2.9.3, 2.9.2, 2.9.1, 2.9.0, 2.8.3, 2.8.2, 2.8.1, 2.8.0, 2.7.4, 2.7.3, 2.7.2, 2.7.1, 2.7.0, 2.6.8, 2.6.7, 2.6.6, 2.6.5, 2.6.4, 2.6.3, 2.6.2, 2.6.1, 2.6.0, 2.5.14, 2.5.13, 2.5.12, 2.5.11, 2.5.10, 2.5.9, 2.5.8, 2.5.7, 2.5.6, 2.5.5, 2.5.4, 2.5.3, 2.5.2, 2.5.1, 2.5.0, 2.4.10, 2.4.9, 2.4.8, 2.4.7, 2.4.6, 2.4.5, 2.4.4, 2.4.3, 2.4.2, 2.4.1, 2.4.0, 2.3.13, 2.3.12, 2.3.11, 2.3.10, 2.3.9, 2.3.8, 2.3.7, 2.3.6, 2.3.5, 2.3.4, 2.3.3, 2.3.2, 2.3.1, 2.3.0, 2.2.4, 2.2.3, 2.2.2, 2.2.1, 2.2.0, 2.1.4, 2.1.3, 2.1.2, 2.1.1, 2.1.0, 2.0.4, 2.0.3, 2.0.2, 2.0.1, 2.0.0, 1.8.4, 1.8.3, 1.8.2, 1.8.1, 1.8.0, 1.7.4, 1.7.3, 1.7.2, 1.6.0, 1.5.0, 1.4.0, 1.3.7, 1.3.6, 1.3.5, 1.3.4, 1.3.3, 1.3.2, 1.3.1, 1.3.0, 1.2.0, 1.1.25, 1.1.24, 1.1.23, 1.1.22, 1.1.21, 1.1.20, 1.1.19, 1.1.18, 1.1.17, 1.1.16, 1.1.15, 1.1.14, 1.1.13, 1.1.12, 1.1.11, 1.1.10, 1.1.9, 1.1.8, 1.1.7, 1.1.6, 1.1.5, 1.1.4, 1.1.3, 1.1.2, 1.1.1, 1.1.0, 1.0.16, 1.0.15, 1.0.14, 1.0.13, 1.0.12, 1.0.11, 1.0.10, 1.0.8, 1.0.7, 1.0.6, 1.0.5, 1.0.4, 1.0.3, 1.0.2, 1.0.1, 1.0.0, 0.0.6, 0.0.5, 0.0.4, 0.0.3, 0.0.2, 0.0.1
37 silly fetchPackageMetaData
37 silly fetchPackageMetaData     at pickVersionFromRegistryDocument (/usr/share/npm/lib/fetch-package-metadata.js:156:16)
37 silly fetchPackageMetaData     at /usr/share/npm/node_modules/iferr/index.js:13:50
37 silly fetchPackageMetaData     at /usr/share/npm/lib/utils/pulse-till-done.js:19:8
37 silly fetchPackageMetaData     at saved (/usr/share/npm/lib/cache/caching-client.js:168:7)
37 silly fetchPackageMetaData     at /usr/share/npm/node_modules/graceful-fs/polyfills.js:210:7
37 silly fetchPackageMetaData     at FSReqWrap.oncomplete (fs.js:135:15)
37 silly fetchPackageMetaData  error for mongoose@^5.8.8 Error: No compatible version found: mongoose@^5.8.8
37 silly fetchPackageMetaData Valid install targets:
37 silly fetchPackageMetaData 5.8.7, 5.8.6, 5.8.5, 5.8.4, 5.8.3, 5.8.2, 5.8.1, 5.8.0, 5.7.14, 5.7.13, 5.7.12, 5.7.11, 5.7.10, 5.7.9, 5.7.8, 5.7.7, 5.7.6, 5.7.5, 5.7.4, 5.7.3, 5.7.1, 5.7.0, 5.6.13, 5.6.12, 5.6.11, 5.6.10, 5.6.9, 5.6.8, 5.6.7, 5.6.6, 5.6.5, 5.6.4, 5.6.3, 5.6.2, 5.6.1, 5.6.0, 5.5.15, 5.5.14, 5.5.13, 5.5.12, 5.5.11, 5.5.10, 5.5.9, 5.5.8, 5.5.7, 5.5.6, 5.5.5, 5.5.4, 5.5.3, 5.5.2, 5.5.1, 5.5.0, 5.4.23, 5.4.22, 5.4.21, 5.4.20, 5.4.19, 5.4.18, 5.4.17, 5.4.16, 5.4.15, 5.4.14, 5.4.13, 5.4.12, 5.4.11, 5.4.10, 5.4.9, 5.4.8, 5.4.7, 5.4.6, 5.4.5, 5.4.4, 5.4.3, 5.4.2, 5.4.1, 5.4.0, 5.3.16, 5.3.15, 5.3.14, 5.3.13, 5.3.12, 5.3.11, 5.3.10, 5.3.9, 5.3.8, 5.3.7, 5.3.6, 5.3.5, 5.3.4, 5.3.3, 5.3.2, 5.3.1, 5.3.0, 5.2.18, 5.2.17, 5.2.16, 5.2.15, 5.2.14, 5.2.13, 5.2.12, 5.2.11, 5.2.10, 5.2.9, 5.2.8, 5.2.7, 5.2.6, 5.2.5, 5.2.4, 5.2.3, 5.2.2, 5.2.1, 5.2.0, 5.1.8, 5.1.7, 5.1.6, 5.1.5, 5.1.4, 5.1.3, 5.1.2, 5.1.1, 5.1.0, 5.0.18, 5.0.17, 5.0.16, 5.0.15, 5.0.14, 5.0.13, 5.0.12, 5.0.11, 5.0.10, 5.0.9, 5.0.8, 5.0.7, 5.0.6, 5.0.5, 5.0.4, 5.0.3, 5.0.2, 5.0.1, 5.0.0, 5.0.0-rc2, 5.0.0-rc1, 5.0.0-rc0, 4.13.20, 4.13.19, 4.13.18, 4.13.17, 4.13.16, 4.13.15, 4.13.14, 4.13.13, 4.13.12, 4.13.11, 4.13.10, 4.13.9, 4.13.8, 4.13.7, 4.13.6, 4.13.5, 4.13.4, 4.13.3, 4.13.2, 4.13.1, 4.13.0, 4.12.6, 4.12.5, 4.12.4, 4.12.3, 4.12.2, 4.12.1, 4.12.0, 4.11.14, 4.11.13, 4.11.12, 4.11.11, 4.11.10, 4.11.9, 4.11.8, 4.11.7, 4.11.6, 4.11.5, 4.11.4, 4.11.3, 4.11.2, 4.11.1, 4.11.0, 4.10.8, 4.10.7, 4.10.6, 4.10.5, 4.10.4, 4.10.3, 4.10.2, 4.10.1, 4.10.0, 4.9.10, 4.9.9, 4.9.8, 4.9.7, 4.9.6, 4.9.5, 4.9.4, 4.9.3, 4.9.2, 4.9.1, 4.9.0, 4.8.7, 4.8.6, 4.8.5, 4.8.4, 4.8.3, 4.8.2, 4.8.1, 4.8.0, 4.7.9, 4.7.8, 4.7.7, 4.7.6, 4.7.5, 4.7.5-pre, 4.7.4, 4.7.3, 4.7.2, 4.7.1, 4.7.0, 4.6.8, 4.6.7, 4.6.6, 4.6.5, 4.6.4, 4.6.3, 4.6.2, 4.6.1, 4.6.0, 4.5.10, 4.5.9, 4.5.8, 4.5.7, 4.5.6, 4.5.5, 4.5.4, 4.5.3, 4.5.2, 4.5.1, 4.5.0, 4.4.20, 4.4.19, 4.4.18, 4.4.17, 4.4.16, 4.4.15, 4.4.14, 4.4.13, 4.4.12, 4.4.11, 4.4.10, 4.4.9, 4.4.8, 4.4.7, 4.4.6, 4.4.5, 4.4.4, 4.4.3, 4.4.2, 4.4.1, 4.4.0, 4.3.7, 4.3.6, 4.3.5, 4.3.4, 4.3.3, 4.3.2, 4.3.1, 4.3.0, 4.2.10, 4.2.9, 4.2.8, 4.2.7, 4.2.6, 4.2.5, 4.2.4, 4.2.3, 4.2.2, 4.2.1, 4.2.0, 4.1.12, 4.1.11, 4.1.10, 4.1.9, 4.1.8, 4.1.7, 4.1.6, 4.1.5, 4.1.3, 4.1.2, 4.1.1, 4.1.0, 4.0.8, 4.0.7, 4.0.6, 4.0.5, 4.0.4, 4.0.3, 4.0.2, 4.0.1, 4.0.0, 4.0.0-rc4, 4.0.0-rc3, 4.0.0-rc2, 4.0.0-rc1, 4.0.0-rc0, 3.9.7, 3.9.6, 3.9.5, 3.9.4, 3.9.3, 3.9.2, 3.9.1, 3.9.0, 3.8.40, 3.8.39, 3.8.38, 3.8.37, 3.8.36, 3.8.35, 3.8.34, 3.8.33, 3.8.31, 3.8.30, 3.8.29, 3.8.28, 3.8.27, 3.8.26, 3.8.25, 3.8.24, 3.8.23, 3.8.22, 3.8.21, 3.8.20, 3.8.19, 3.8.18, 3.8.17, 3.8.16, 3.8.15, 3.8.14, 3.8.13, 3.8.12, 3.8.11, 3.8.10, 3.8.9, 3.8.8, 3.8.7, 3.8.6, 3.8.5, 3.8.4, 3.8.3, 3.8.2, 3.8.1, 3.8.0, 3.7.4, 3.7.3, 3.7.2, 3.7.0, 3.6.20, 3.6.19, 3.6.18, 3.6.17, 3.6.16, 3.6.15, 3.6.14, 3.6.13, 3.6.12, 3.6.11, 3.6.10, 3.6.9, 3.6.8, 3.6.7, 3.6.6, 3.6.5, 3.6.4, 3.6.3, 3.6.2, 3.6.0-rc1, 3.6.0-rc0, 3.5.16, 3.5.15, 3.5.14, 3.5.13, 3.5.12, 3.5.11, 3.5.10, 3.5.9, 3.5.8, 3.5.7, 3.5.6, 3.5.5, 3.5.4, 3.5.3, 3.5.2, 3.5.1, 3.5.0, 3.4.0, 3.3.1, 3.3.0, 3.2.2, 3.2.1, 3.2.0, 3.1.1, 3.1.0, 3.0.3, 3.0.2, 3.0.1, 3.0.0, 3.0.0-rc0, 3.0.0-alpha2, 3.0.0-alpha1, 2.9.10, 2.9.9, 2.9.8, 2.9.7, 2.9.6, 2.9.5, 2.9.4, 2.9.3, 2.9.2, 2.9.1, 2.9.0, 2.8.3, 2.8.2, 2.8.1, 2.8.0, 2.7.4, 2.7.3, 2.7.2, 2.7.1, 2.7.0, 2.6.8, 2.6.7, 2.6.6, 2.6.5, 2.6.4, 2.6.3, 2.6.2, 2.6.1, 2.6.0, 2.5.14, 2.5.13, 2.5.12, 2.5.11, 2.5.10, 2.5.9, 2.5.8, 2.5.7, 2.5.6, 2.5.5, 2.5.4, 2.5.3, 2.5.2, 2.5.1, 2.5.0, 2.4.10, 2.4.9, 2.4.8, 2.4.7, 2.4.6, 2.4.5, 2.4.4, 2.4.3, 2.4.2, 2.4.1, 2.4.0, 2.3.13, 2.3.12, 2.3.11, 2.3.10, 2.3.9, 2.3.8, 2.3.7, 2.3.6, 2.3.5, 2.3.4, 2.3.3, 2.3.2, 2.3.1, 2.3.0, 2.2.4, 2.2.3, 2.2.2, 2.2.1, 2.2.0, 2.1.4, 2.1.3, 2.1.2, 2.1.1, 2.1.0, 2.0.4, 2.0.3, 2.0.2, 2.0.1, 2.0.0, 1.8.4, 1.8.3, 1.8.2, 1.8.1, 1.8.0, 1.7.4, 1.7.3, 1.7.2, 1.6.0, 1.5.0, 1.4.0, 1.3.7, 1.3.6, 1.3.5, 1.3.4, 1.3.3, 1.3.2, 1.3.1, 1.3.0, 1.2.0, 1.1.25, 1.1.24, 1.1.23, 1.1.22, 1.1.21, 1.1.20, 1.1.19, 1.1.18, 1.1.17, 1.1.16, 1.1.15, 1.1.14, 1.1.13, 1.1.12, 1.1.11, 1.1.10, 1.1.9, 1.1.8, 1.1.7, 1.1.6, 1.1.5, 1.1.4, 1.1.3, 1.1.2, 1.1.1, 1.1.0, 1.0.16, 1.0.15, 1.0.14, 1.0.13, 1.0.12, 1.0.11, 1.0.10, 1.0.8, 1.0.7, 1.0.6, 1.0.5, 1.0.4, 1.0.3, 1.0.2, 1.0.1, 1.0.0, 0.0.6, 0.0.5, 0.0.4, 0.0.3, 0.0.2, 0.0.1
37 silly fetchPackageMetaData
37 silly fetchPackageMetaData     at pickVersionFromRegistryDocument (/usr/share/npm/lib/fetch-package-metadata.js:156:16)
37 silly fetchPackageMetaData     at /usr/share/npm/node_modules/iferr/index.js:13:50
37 silly fetchPackageMetaData     at /usr/share/npm/lib/utils/pulse-till-done.js:19:8
37 silly fetchPackageMetaData     at saved (/usr/share/npm/lib/cache/caching-client.js:168:7)
37 silly fetchPackageMetaData     at /usr/share/npm/node_modules/graceful-fs/polyfills.js:210:7
37 silly fetchPackageMetaData     at FSReqWrap.oncomplete (fs.js:135:15)
38 silly rollbackFailedOptional Starting
39 silly rollbackFailedOptional Finishing
40 silly runTopLevelLifecycles Starting
41 silly runTopLevelLifecycles Finishing
42 silly install printInstalled
43 verbose stack Error: No compatible version found: mongoose@^5.8.8
43 verbose stack Valid install targets:
43 verbose stack 5.8.7, 5.8.6, 5.8.5, 5.8.4, 5.8.3, 5.8.2, 5.8.1, 5.8.0, 5.7.14, 5.7.13, 5.7.12, 5.7.11, 5.7.10, 5.7.9, 5.7.8, 5.7.7, 5.7.6, 5.7.5, 5.7.4, 5.7.3, 5.7.1, 5.7.0, 5.6.13, 5.6.12, 5.6.11, 5.6.10, 5.6.9, 5.6.8, 5.6.7, 5.6.6, 5.6.5, 5.6.4, 5.6.3, 5.6.2, 5.6.1, 5.6.0, 5.5.15, 5.5.14, 5.5.13, 5.5.12, 5.5.11, 5.5.10, 5.5.9, 5.5.8, 5.5.7, 5.5.6, 5.5.5, 5.5.4, 5.5.3, 5.5.2, 5.5.1, 5.5.0, 5.4.23, 5.4.22, 5.4.21, 5.4.20, 5.4.19, 5.4.18, 5.4.17, 5.4.16, 5.4.15, 5.4.14, 5.4.13, 5.4.12, 5.4.11, 5.4.10, 5.4.9, 5.4.8, 5.4.7, 5.4.6, 5.4.5, 5.4.4, 5.4.3, 5.4.2, 5.4.1, 5.4.0, 5.3.16, 5.3.15, 5.3.14, 5.3.13, 5.3.12, 5.3.11, 5.3.10, 5.3.9, 5.3.8, 5.3.7, 5.3.6, 5.3.5, 5.3.4, 5.3.3, 5.3.2, 5.3.1, 5.3.0, 5.2.18, 5.2.17, 5.2.16, 5.2.15, 5.2.14, 5.2.13, 5.2.12, 5.2.11, 5.2.10, 5.2.9, 5.2.8, 5.2.7, 5.2.6, 5.2.5, 5.2.4, 5.2.3, 5.2.2, 5.2.1, 5.2.0, 5.1.8, 5.1.7, 5.1.6, 5.1.5, 5.1.4, 5.1.3, 5.1.2, 5.1.1, 5.1.0, 5.0.18, 5.0.17, 5.0.16, 5.0.15, 5.0.14, 5.0.13, 5.0.12, 5.0.11, 5.0.10, 5.0.9, 5.0.8, 5.0.7, 5.0.6, 5.0.5, 5.0.4, 5.0.3, 5.0.2, 5.0.1, 5.0.0, 5.0.0-rc2, 5.0.0-rc1, 5.0.0-rc0, 4.13.20, 4.13.19, 4.13.18, 4.13.17, 4.13.16, 4.13.15, 4.13.14, 4.13.13, 4.13.12, 4.13.11, 4.13.10, 4.13.9, 4.13.8, 4.13.7, 4.13.6, 4.13.5, 4.13.4, 4.13.3, 4.13.2, 4.13.1, 4.13.0, 4.12.6, 4.12.5, 4.12.4, 4.12.3, 4.12.2, 4.12.1, 4.12.0, 4.11.14, 4.11.13, 4.11.12, 4.11.11, 4.11.10, 4.11.9, 4.11.8, 4.11.7, 4.11.6, 4.11.5, 4.11.4, 4.11.3, 4.11.2, 4.11.1, 4.11.0, 4.10.8, 4.10.7, 4.10.6, 4.10.5, 4.10.4, 4.10.3, 4.10.2, 4.10.1, 4.10.0, 4.9.10, 4.9.9, 4.9.8, 4.9.7, 4.9.6, 4.9.5, 4.9.4, 4.9.3, 4.9.2, 4.9.1, 4.9.0, 4.8.7, 4.8.6, 4.8.5, 4.8.4, 4.8.3, 4.8.2, 4.8.1, 4.8.0, 4.7.9, 4.7.8, 4.7.7, 4.7.6, 4.7.5, 4.7.5-pre, 4.7.4, 4.7.3, 4.7.2, 4.7.1, 4.7.0, 4.6.8, 4.6.7, 4.6.6, 4.6.5, 4.6.4, 4.6.3, 4.6.2, 4.6.1, 4.6.0, 4.5.10, 4.5.9, 4.5.8, 4.5.7, 4.5.6, 4.5.5, 4.5.4, 4.5.3, 4.5.2, 4.5.1, 4.5.0, 4.4.20, 4.4.19, 4.4.18, 4.4.17, 4.4.16, 4.4.15, 4.4.14, 4.4.13, 4.4.12, 4.4.11, 4.4.10, 4.4.9, 4.4.8, 4.4.7, 4.4.6, 4.4.5, 4.4.4, 4.4.3, 4.4.2, 4.4.1, 4.4.0, 4.3.7, 4.3.6, 4.3.5, 4.3.4, 4.3.3, 4.3.2, 4.3.1, 4.3.0, 4.2.10, 4.2.9, 4.2.8, 4.2.7, 4.2.6, 4.2.5, 4.2.4, 4.2.3, 4.2.2, 4.2.1, 4.2.0, 4.1.12, 4.1.11, 4.1.10, 4.1.9, 4.1.8, 4.1.7, 4.1.6, 4.1.5, 4.1.3, 4.1.2, 4.1.1, 4.1.0, 4.0.8, 4.0.7, 4.0.6, 4.0.5, 4.0.4, 4.0.3, 4.0.2, 4.0.1, 4.0.0, 4.0.0-rc4, 4.0.0-rc3, 4.0.0-rc2, 4.0.0-rc1, 4.0.0-rc0, 3.9.7, 3.9.6, 3.9.5, 3.9.4, 3.9.3, 3.9.2, 3.9.1, 3.9.0, 3.8.40, 3.8.39, 3.8.38, 3.8.37, 3.8.36, 3.8.35, 3.8.34, 3.8.33, 3.8.31, 3.8.30, 3.8.29, 3.8.28, 3.8.27, 3.8.26, 3.8.25, 3.8.24, 3.8.23, 3.8.22, 3.8.21, 3.8.20, 3.8.19, 3.8.18, 3.8.17, 3.8.16, 3.8.15, 3.8.14, 3.8.13, 3.8.12, 3.8.11, 3.8.10, 3.8.9, 3.8.8, 3.8.7, 3.8.6, 3.8.5, 3.8.4, 3.8.3, 3.8.2, 3.8.1, 3.8.0, 3.7.4, 3.7.3, 3.7.2, 3.7.0, 3.6.20, 3.6.19, 3.6.18, 3.6.17, 3.6.16, 3.6.15, 3.6.14, 3.6.13, 3.6.12, 3.6.11, 3.6.10, 3.6.9, 3.6.8, 3.6.7, 3.6.6, 3.6.5, 3.6.4, 3.6.3, 3.6.2, 3.6.0-rc1, 3.6.0-rc0, 3.5.16, 3.5.15, 3.5.14, 3.5.13, 3.5.12, 3.5.11, 3.5.10, 3.5.9, 3.5.8, 3.5.7, 3.5.6, 3.5.5, 3.5.4, 3.5.3, 3.5.2, 3.5.1, 3.5.0, 3.4.0, 3.3.1, 3.3.0, 3.2.2, 3.2.1, 3.2.0, 3.1.1, 3.1.0, 3.0.3, 3.0.2, 3.0.1, 3.0.0, 3.0.0-rc0, 3.0.0-alpha2, 3.0.0-alpha1, 2.9.10, 2.9.9, 2.9.8, 2.9.7, 2.9.6, 2.9.5, 2.9.4, 2.9.3, 2.9.2, 2.9.1, 2.9.0, 2.8.3, 2.8.2, 2.8.1, 2.8.0, 2.7.4, 2.7.3, 2.7.2, 2.7.1, 2.7.0, 2.6.8, 2.6.7, 2.6.6, 2.6.5, 2.6.4, 2.6.3, 2.6.2, 2.6.1, 2.6.0, 2.5.14, 2.5.13, 2.5.12, 2.5.11, 2.5.10, 2.5.9, 2.5.8, 2.5.7, 2.5.6, 2.5.5, 2.5.4, 2.5.3, 2.5.2, 2.5.1, 2.5.0, 2.4.10, 2.4.9, 2.4.8, 2.4.7, 2.4.6, 2.4.5, 2.4.4, 2.4.3, 2.4.2, 2.4.1, 2.4.0, 2.3.13, 2.3.12, 2.3.11, 2.3.10, 2.3.9, 2.3.8, 2.3.7, 2.3.6, 2.3.5, 2.3.4, 2.3.3, 2.3.2, 2.3.1, 2.3.0, 2.2.4, 2.2.3, 2.2.2, 2.2.1, 2.2.0, 2.1.4, 2.1.3, 2.1.2, 2.1.1, 2.1.0, 2.0.4, 2.0.3, 2.0.2, 2.0.1, 2.0.0, 1.8.4, 1.8.3, 1.8.2, 1.8.1, 1.8.0, 1.7.4, 1.7.3, 1.7.2, 1.6.0, 1.5.0, 1.4.0, 1.3.7, 1.3.6, 1.3.5, 1.3.4, 1.3.3, 1.3.2, 1.3.1, 1.3.0, 1.2.0, 1.1.25, 1.1.24, 1.1.23, 1.1.22, 1.1.21, 1.1.20, 1.1.19, 1.1.18, 1.1.17, 1.1.16, 1.1.15, 1.1.14, 1.1.13, 1.1.12, 1.1.11, 1.1.10, 1.1.9, 1.1.8, 1.1.7, 1.1.6, 1.1.5, 1.1.4, 1.1.3, 1.1.2, 1.1.1, 1.1.0, 1.0.16, 1.0.15, 1.0.14, 1.0.13, 1.0.12, 1.0.11, 1.0.10, 1.0.8, 1.0.7, 1.0.6, 1.0.5, 1.0.4, 1.0.3, 1.0.2, 1.0.1, 1.0.0, 0.0.6, 0.0.5, 0.0.4, 0.0.3, 0.0.2, 0.0.1
43 verbose stack
43 verbose stack     at pickVersionFromRegistryDocument (/usr/share/npm/lib/fetch-package-metadata.js:156:16)
43 verbose stack     at /usr/share/npm/node_modules/iferr/index.js:13:50
43 verbose stack     at /usr/share/npm/lib/utils/pulse-till-done.js:19:8
43 verbose stack     at saved (/usr/share/npm/lib/cache/caching-client.js:168:7)
43 verbose stack     at /usr/share/npm/node_modules/graceful-fs/polyfills.js:210:7
43 verbose stack     at FSReqWrap.oncomplete (fs.js:135:15)
44 verbose cwd /home/anish/projects/url-shortner
45 error Linux 4.15.0-74-generic
46 error argv "/usr/bin/node" "/usr/bin/npm" "i"
47 error node v8.10.0
48 error npm  v3.5.2
49 error No compatible version found: mongoose@^5.8.8
49 error Valid install targets:
49 error 5.8.7, 5.8.6, 5.8.5, 5.8.4, 5.8.3, 5.8.2, 5.8.1, 5.8.0, 5.7.14, 5.7.13, 5.7.12, 5.7.11, 5.7.10, 5.7.9, 5.7.8, 5.7.7, 5.7.6, 5.7.5, 5.7.4, 5.7.3, 5.7.1, 5.7.0, 5.6.13, 5.6.12, 5.6.11, 5.6.10, 5.6.9, 5.6.8, 5.6.7, 5.6.6, 5.6.5, 5.6.4, 5.6.3, 5.6.2, 5.6.1, 5.6.0, 5.5.15, 5.5.14, 5.5.13, 5.5.12, 5.5.11, 5.5.10, 5.5.9, 5.5.8, 5.5.7, 5.5.6, 5.5.5, 5.5.4, 5.5.3, 5.5.2, 5.5.1, 5.5.0, 5.4.23, 5.4.22, 5.4.21, 5.4.20, 5.4.19, 5.4.18, 5.4.17, 5.4.16, 5.4.15, 5.4.14, 5.4.13, 5.4.12, 5.4.11, 5.4.10, 5.4.9, 5.4.8, 5.4.7, 5.4.6, 5.4.5, 5.4.4, 5.4.3, 5.4.2, 5.4.1, 5.4.0, 5.3.16, 5.3.15, 5.3.14, 5.3.13, 5.3.12, 5.3.11, 5.3.10, 5.3.9, 5.3.8, 5.3.7, 5.3.6, 5.3.5, 5.3.4, 5.3.3, 5.3.2, 5.3.1, 5.3.0, 5.2.18, 5.2.17, 5.2.16, 5.2.15, 5.2.14, 5.2.13, 5.2.12, 5.2.11, 5.2.10, 5.2.9, 5.2.8, 5.2.7, 5.2.6, 5.2.5, 5.2.4, 5.2.3, 5.2.2, 5.2.1, 5.2.0, 5.1.8, 5.1.7, 5.1.6, 5.1.5, 5.1.4, 5.1.3, 5.1.2, 5.1.1, 5.1.0, 5.0.18, 5.0.17, 5.0.16, 5.0.15, 5.0.14, 5.0.13, 5.0.12, 5.0.11, 5.0.10, 5.0.9, 5.0.8, 5.0.7, 5.0.6, 5.0.5, 5.0.4, 5.0.3, 5.0.2, 5.0.1, 5.0.0, 5.0.0-rc2, 5.0.0-rc1, 5.0.0-rc0, 4.13.20, 4.13.19, 4.13.18, 4.13.17, 4.13.16, 4.13.15, 4.13.14, 4.13.13, 4.13.12, 4.13.11, 4.13.10, 4.13.9, 4.13.8, 4.13.7, 4.13.6, 4.13.5, 4.13.4, 4.13.3, 4.13.2, 4.13.1, 4.13.0, 4.12.6, 4.12.5, 4.12.4, 4.12.3, 4.12.2, 4.12.1, 4.12.0, 4.11.14, 4.11.13, 4.11.12, 4.11.11, 4.11.10, 4.11.9, 4.11.8, 4.11.7, 4.11.6, 4.11.5, 4.11.4, 4.11.3, 4.11.2, 4.11.1, 4.11.0, 4.10.8, 4.10.7, 4.10.6, 4.10.5, 4.10.4, 4.10.3, 4.10.2, 4.10.1, 4.10.0, 4.9.10, 4.9.9, 4.9.8, 4.9.7, 4.9.6, 4.9.5, 4.9.4, 4.9.3, 4.9.2, 4.9.1, 4.9.0, 4.8.7, 4.8.6, 4.8.5, 4.8.4, 4.8.3, 4.8.2, 4.8.1, 4.8.0, 4.7.9, 4.7.8, 4.7.7, 4.7.6, 4.7.5, 4.7.5-pre, 4.7.4, 4.7.3, 4.7.2, 4.7.1, 4.7.0, 4.6.8, 4.6.7, 4.6.6, 4.6.5, 4.6.4, 4.6.3, 4.6.2, 4.6.1, 4.6.0, 4.5.10, 4.5.9, 4.5.8, 4.5.7, 4.5.6, 4.5.5, 4.5.4, 4.5.3, 4.5.2, 4.5.1, 4.5.0, 4.4.20, 4.4.19, 4.4.18, 4.4.17, 4.4.16, 4.4.15, 4.4.14, 4.4.13, 4.4.12, 4.4.11, 4.4.10, 4.4.9, 4.4.8, 4.4.7, 4.4.6, 4.4.5, 4.4.4, 4.4.3, 4.4.2, 4.4.1, 4.4.0, 4.3.7, 4.3.6, 4.3.5, 4.3.4, 4.3.3, 4.3.2, 4.3.1, 4.3.0, 4.2.10, 4.2.9, 4.2.8, 4.2.7, 4.2.6, 4.2.5, 4.2.4, 4.2.3, 4.2.2, 4.2.1, 4.2.0, 4.1.12, 4.1.11, 4.1.10, 4.1.9, 4.1.8, 4.1.7, 4.1.6, 4.1.5, 4.1.3, 4.1.2, 4.1.1, 4.1.0, 4.0.8, 4.0.7, 4.0.6, 4.0.5, 4.0.4, 4.0.3, 4.0.2, 4.0.1, 4.0.0, 4.0.0-rc4, 4.0.0-rc3, 4.0.0-rc2, 4.0.0-rc1, 4.0.0-rc0, 3.9.7, 3.9.6, 3.9.5, 3.9.4, 3.9.3, 3.9.2, 3.9.1, 3.9.0, 3.8.40, 3.8.39, 3.8.38, 3.8.37, 3.8.36, 3.8.35, 3.8.34, 3.8.33, 3.8.31, 3.8.30, 3.8.29, 3.8.28, 3.8.27, 3.8.26, 3.8.25, 3.8.24, 3.8.23, 3.8.22, 3.8.21, 3.8.20, 3.8.19, 3.8.18, 3.8.17, 3.8.16, 3.8.15, 3.8.14, 3.8.13, 3.8.12, 3.8.11, 3.8.10, 3.8.9, 3.8.8, 3.8.7, 3.8.6, 3.8.5, 3.8.4, 3.8.3, 3.8.2, 3.8.1, 3.8.0, 3.7.4, 3.7.3, 3.7.2, 3.7.0, 3.6.20, 3.6.19, 3.6.18, 3.6.17, 3.6.16, 3.6.15, 3.6.14, 3.6.13, 3.6.12, 3.6.11, 3.6.10, 3.6.9, 3.6.8, 3.6.7, 3.6.6, 3.6.5, 3.6.4, 3.6.3, 3.6.2, 3.6.0-rc1, 3.6.0-rc0, 3.5.16, 3.5.15, 3.5.14, 3.5.13, 3.5.12, 3.5.11, 3.5.10, 3.5.9, 3.5.8, 3.5.7, 3.5.6, 3.5.5, 3.5.4, 3.5.3, 3.5.2, 3.5.1, 3.5.0, 3.4.0, 3.3.1, 3.3.0, 3.2.2, 3.2.1, 3.2.0, 3.1.1, 3.1.0, 3.0.3, 3.0.2, 3.0.1, 3.0.0, 3.0.0-rc0, 3.0.0-alpha2, 3.0.0-alpha1, 2.9.10, 2.9.9, 2.9.8, 2.9.7, 2.9.6, 2.9.5, 2.9.4, 2.9.3, 2.9.2, 2.9.1, 2.9.0, 2.8.3, 2.8.2, 2.8.1, 2.8.0, 2.7.4, 2.7.3, 2.7.2, 2.7.1, 2.7.0, 2.6.8, 2.6.7, 2.6.6, 2.6.5, 2.6.4, 2.6.3, 2.6.2, 2.6.1, 2.6.0, 2.5.14, 2.5.13, 2.5.12, 2.5.11, 2.5.10, 2.5.9, 2.5.8, 2.5.7, 2.5.6, 2.5.5, 2.5.4, 2.5.3, 2.5.2, 2.5.1, 2.5.0, 2.4.10, 2.4.9, 2.4.8, 2.4.7, 2.4.6, 2.4.5, 2.4.4, 2.4.3, 2.4.2, 2.4.1, 2.4.0, 2.3.13, 2.3.12, 2.3.11, 2.3.10, 2.3.9, 2.3.8, 2.3.7, 2.3.6, 2.3.5, 2.3.4, 2.3.3, 2.3.2, 2.3.1, 2.3.0, 2.2.4, 2.2.3, 2.2.2, 2.2.1, 2.2.0, 2.1.4, 2.1.3, 2.1.2, 2.1.1, 2.1.0, 2.0.4, 2.0.3, 2.0.2, 2.0.1, 2.0.0, 1.8.4, 1.8.3, 1.8.2, 1.8.1, 1.8.0, 1.7.4, 1.7.3, 1.7.2, 1.6.0, 1.5.0, 1.4.0, 1.3.7, 1.3.6, 1.3.5, 1.3.4, 1.3.3, 1.3.2, 1.3.1, 1.3.0, 1.2.0, 1.1.25, 1.1.24, 1.1.23, 1.1.22, 1.1.21, 1.1.20, 1.1.19, 1.1.18, 1.1.17, 1.1.16, 1.1.15, 1.1.14, 1.1.13, 1.1.12, 1.1.11, 1.1.10, 1.1.9, 1.1.8, 1.1.7, 1.1.6, 1.1.5, 1.1.4, 1.1.3, 1.1.2, 1.1.1, 1.1.0, 1.0.16, 1.0.15, 1.0.14, 1.0.13, 1.0.12, 1.0.11, 1.0.10, 1.0.8, 1.0.7, 1.0.6, 1.0.5, 1.0.4, 1.0.3, 1.0.2, 1.0.1, 1.0.0, 0.0.6, 0.0.5, 0.0.4, 0.0.3, 0.0.2, 0.0.1
50 error If you need help, you may report this error at:
50 error     <https://github.com/npm/npm/issues>
51 verbose exit [ 1, true ]
